 2024-11-05 15:07:13,583 7F3F1B16AB08 INFO  --------------------------------------------------
 2024-11-05 15:07:13,583 7F3F1B16AB08 INFO  Starting Fail2ban v1.0.2
 2024-11-05 15:07:13,584 7F3F19806B38 INFO  Observer start...
 2024-11-05 15:07:13,593 7F3F1B16AB08 INFO  Connected to fail2ban persistent database '/config/fail2ban/fail2ban.sqlite3'
 2024-11-05 15:07:13,626 7F3F1B16AB08 WARNI New database created. Version '4'
 2024-11-05 15:11:51,541 7F3F1B16AB08 INFO  Shutdown in progress...
 2024-11-05 15:11:51,544 7F3F1B16AB08 INFO  Observer stop ... try to end queue 5 seconds
 2024-11-05 15:11:51,565 7F3F19806B38 INFO  Observer stopped, 0 events remaining.
 2024-11-05 15:11:51,606 7F3F1B16AB08 INFO  Stopping all jails
 2024-11-05 15:11:51,609 7F3F1B16AB08 INFO  Connection to database closed.
 2024-11-05 15:11:51,609 7F3F1B16AB08 INFO  Exiting Fail2ban
 2024-11-05 15:25:08,123 7F02A8C07B08 INFO  --------------------------------------------------
 2024-11-05 15:25:08,124 7F02A8C07B08 INFO  Starting Fail2ban v1.0.2
 2024-11-05 15:25:08,126 7F02A7294B38 INFO  Observer start...
 2024-11-05 15:25:08,141 7F02A8C07B08 INFO  Connected to fail2ban persistent database '/config/fail2ban/fail2ban.sqlite3'
 2024-11-05 15:27:19,093 7F02A8C07B08 INFO  Shutdown in progress...
 2024-11-05 15:27:19,095 7F02A8C07B08 INFO  Observer stop ... try to end queue 5 seconds
 2024-11-05 15:27:19,124 7F02A7294B38 INFO  Observer stopped, 0 events remaining.
 2024-11-05 15:27:19,170 7F02A8C07B08 INFO  Stopping all jails
 2024-11-05 15:27:19,177 7F02A8C07B08 INFO  Connection to database closed.
 2024-11-05 15:27:19,185 7F02A8C07B08 INFO  Exiting Fail2ban
 2024-11-05 15:40:44,397 7F5944D25B08 INFO  --------------------------------------------------
 2024-11-05 15:40:44,397 7F5944D25B08 INFO  Starting Fail2ban v1.0.2
 2024-11-05 15:40:44,398 7F59433C1B38 INFO  Observer start...
 2024-11-05 15:40:44,408 7F5944D25B08 INFO  Connected to fail2ban persistent database '/config/fail2ban/fail2ban.sqlite3'
 2024-11-05 15:43:10,275 7F5944D25B08 INFO  Shutdown in progress...
 2024-11-05 15:43:10,276 7F5944D25B08 INFO  Observer stop ... try to end queue 5 seconds
 2024-11-05 15:43:10,297 7F59433C1B38 INFO  Observer stopped, 0 events remaining.
 2024-11-05 15:43:10,337 7F5944D25B08 INFO  Stopping all jails
 2024-11-05 15:43:10,340 7F5944D25B08 INFO  Connection to database closed.
 2024-11-05 15:43:10,341 7F5944D25B08 INFO  Exiting Fail2ban
